<?xml version="1.0" encoding="UTF-8"?>
<testsuite name="JunitTest" tests="1" skipped="0" failures="0" errors="0" timestamp="2021-10-11T16:11:17" hostname="yang.local" time="0.029">
  <properties/>
  <testcase name="basicStudentTest()" classname="JunitTest" time="0.029"/>
  <system-out><![CDATA[]]></system-out>
  <system-err><![CDATA[]]></system-err>
</testsuite>
